<?xml version="1.0" encoding="UTF-8"?>
<!-- Generated by org.testng.reporters.JUnitReportReporter -->
<testsuite skipped="3" hostname="shubhams-MacBook-Pro.local" name="com.shubham.TestingMaven.SkipTestCases" tests="4" failures="0" timestamp="12 Jan 2023 14:36:03 GMT" time="0.003" errors="0">
  <testcase name="test4" time="0.001" classname="com.shubham.TestingMaven.SkipTestCases"/>
  <testcase name="test3" time="0.002" classname="com.shubham.TestingMaven.SkipTestCases">
    <skipped/>
  </testcase> <!-- test3 -->
  <testcase name="test2" time="0.000" classname="com.shubham.TestingMaven.SkipTestCases">
    <skipped/>
  </testcase> <!-- test2 -->
  <testcase name="test1" classname="com.shubham.TestingMaven.SkipTestCases">
    <skipped/>
  </testcase> <!-- test1 -->
</testsuite> <!-- com.shubham.TestingMaven.SkipTestCases -->
