<?xml version="1.0" encoding="UTF-8"?>
<!-- Generated by org.testng.reporters.JUnitReportReporter -->
<testsuite skipped="0" hostname="shubhams-MacBook-Pro.local" name="com.shubham.TestingMaven.MenuDemo" tests="1" failures="0" timestamp="06 Jun 2023 03:41:09 GMT" time="10.614" errors="0">
  <testcase name="sliderTest" time="10.614" classname="com.shubham.TestingMaven.MenuDemo"/>
</testsuite> <!-- com.shubham.TestingMaven.MenuDemo -->
