<?xml version="1.0" encoding="UTF-8"?>
<!-- Generated by org.testng.reporters.JUnitReportReporter -->
<testsuite skipped="0" hostname="shubhams-MacBook-Pro.local" name="StudioWebTests.SignUpTestCases" tests="1" failures="0" timestamp="02 Feb 2023 15:06:44 GMT" time="5.623" errors="0">
  <testcase name="signUp" time="5.623" classname="StudioWebTests.SignUpTestCases"/>
</testsuite> <!-- StudioWebTests.SignUpTestCases -->
