<?xml version="1.0" encoding="UTF-8"?>
<!-- Generated by org.testng.reporters.JUnitReportReporter -->
<testsuite skipped="0" hostname="shubhams-MacBook-Pro.local" name="com.shubham.TestingMaven.BeforeClassAndBeforeGroups" tests="6" failures="0" timestamp="12 Jan 2023 14:36:03 GMT" time="0.003" errors="0">
  <testcase name="sanityTest2" time="0.000" classname="com.shubham.TestingMaven.BeforeClassAndBeforeGroups"/>
  <testcase name="sanityAndRegressionTest" time="0.000" classname="com.shubham.TestingMaven.BeforeClassAndBeforeGroups"/>
  <testcase name="regressionTest2" time="0.001" classname="com.shubham.TestingMaven.BeforeClassAndBeforeGroups"/>
  <testcase name="functionalTest" time="0.001" classname="com.shubham.TestingMaven.BeforeClassAndBeforeGroups"/>
  <testcase name="regressionTest1" time="0.000" classname="com.shubham.TestingMaven.BeforeClassAndBeforeGroups"/>
  <testcase name="sanityTest1" time="0.001" classname="com.shubham.TestingMaven.BeforeClassAndBeforeGroups"/>
</testsuite> <!-- com.shubham.TestingMaven.BeforeClassAndBeforeGroups -->
