<?xml version="1.0" encoding="UTF-8"?>
<!-- Generated by org.testng.reporters.JUnitReportReporter -->
<testsuite skipped="0" hostname="shubhams-MacBook-Pro.local" name="com.shubham.TestingMaven.TestNGGroupsTest" tests="3" failures="0" timestamp="06 Jan 2023 15:53:40 GMT" time="0.011" errors="0">
  <testcase name="regressionTest1" time="0.009" classname="com.shubham.TestingMaven.TestNGGroupsTest"/>
  <testcase name="sanityAndRegressionTest" time="0.001" classname="com.shubham.TestingMaven.TestNGGroupsTest"/>
  <testcase name="regressionTest2" time="0.001" classname="com.shubham.TestingMaven.TestNGGroupsTest"/>
</testsuite> <!-- com.shubham.TestingMaven.TestNGGroupsTest -->
