<?xml version="1.0" encoding="UTF-8"?>
<!-- Generated by org.testng.reporters.JUnitReportReporter -->
<testsuite skipped="0" hostname="shubhams-MacBook-Pro.local" name="com.shubham.TestingMaven.FluentWait" tests="1" failures="0" timestamp="23 Jan 2023 15:14:04 GMT" time="9.735" errors="0">
  <testcase name="keyboardTest" time="9.735" classname="com.shubham.TestingMaven.FluentWait"/>
</testsuite> <!-- com.shubham.TestingMaven.FluentWait -->
