<?xml version="1.0" encoding="UTF-8"?>
<!-- Generated by org.testng.reporters.JUnitReportReporter -->
<testsuite skipped="0" hostname="shubhams-MacBook-Pro.local" name="com.shubham.TestingMaven.ForgotPasswordScreenText" tests="1" failures="0" timestamp="03 Feb 2023 14:02:45 GMT" time="13.035" errors="0">
  <testcase name="getText" time="13.035" classname="com.shubham.TestingMaven.ForgotPasswordScreenText"/>
</testsuite> <!-- com.shubham.TestingMaven.ForgotPasswordScreenText -->
