<?xml version="1.0" encoding="UTF-8"?>
<!-- Generated by org.testng.reporters.JUnitReportReporter -->
<testsuite skipped="0" hostname="shubhams-MacBook-Pro.local" name="com.shubham.TestingMaven.AuthenticationPop" tests="1" failures="0" timestamp="20 Feb 2023 05:20:39 GMT" time="8.781" errors="0">
  <testcase name="authenticationPopup" time="8.781" classname="com.shubham.TestingMaven.AuthenticationPop"/>
</testsuite> <!-- com.shubham.TestingMaven.AuthenticationPop -->
