<?xml version="1.0" encoding="UTF-8"?>
<!-- Generated by org.testng.reporters.JUnitReportReporter -->
<testsuite skipped="0" hostname="shubhams-MacBook-Pro.local" name="PractiseCoding.Parameters" tests="4" failures="0" timestamp="12 Jan 2023 14:43:16 GMT" time="0.009" errors="0">
  <testcase name="test3" time="0.000" classname="PractiseCoding.Parameters"/>
  <testcase name="test4" time="0.001" classname="PractiseCoding.Parameters"/>
  <testcase name="test2" time="0.001" classname="PractiseCoding.Parameters"/>
  <testcase name="test1" time="0.007" classname="PractiseCoding.Parameters"/>
</testsuite> <!-- PractiseCoding.Parameters -->
