<?xml version="1.0" encoding="UTF-8"?>
<!-- Generated by org.testng.reporters.JUnitReportReporter -->
<testsuite skipped="0" hostname="shubhams-MacBook-Pro.local" name="com.shubham.TestingMaven.DataProviderClassDemo" tests="4" failures="0" timestamp="06 Jun 2023 03:56:55 GMT" time="0.014" errors="0">
  <testcase name="test2" time="0.001" classname="com.shubham.TestingMaven.DataProviderClassDemo"/>
  <testcase name="test2" time="0.001" classname="com.shubham.TestingMaven.DataProviderClassDemo"/>
  <testcase name="test2" time="0.010" classname="com.shubham.TestingMaven.DataProviderClassDemo"/>
  <testcase name="test2" time="0.002" classname="com.shubham.TestingMaven.DataProviderClassDemo"/>
</testsuite> <!-- com.shubham.TestingMaven.DataProviderClassDemo -->
