<?xml version="1.0" encoding="UTF-8"?>
<!-- Generated by org.testng.reporters.JUnitReportReporter -->
<testsuite skipped="0" hostname="shubhams-MacBook-Pro.local" name="com.shubham.TestingMaven.SslHandle" tests="1" failures="0" timestamp="01 May 2023 06:42:39 GMT" time="7.061" errors="0">
  <testcase name="handleBadSsl" time="7.061" classname="com.shubham.TestingMaven.SslHandle"/>
</testsuite> <!-- com.shubham.TestingMaven.SslHandle -->
