<?xml version="1.0" encoding="UTF-8"?>
<!-- Generated by org.testng.reporters.JUnitReportReporter -->
<testsuite skipped="0" hostname="shubhams-MacBook-Pro.local" name="com.shubham.TestingMaven.DataProviderTest" tests="8" failures="0" timestamp="12 Jan 2023 14:36:03 GMT" time="0.004" errors="0">
  <testcase name="useData1" time="0.001" classname="com.shubham.TestingMaven.DataProviderTest"/>
  <testcase name="useData2" time="0.000" classname="com.shubham.TestingMaven.DataProviderTest"/>
  <testcase name="useData2" time="0.000" classname="com.shubham.TestingMaven.DataProviderTest"/>
  <testcase name="useData1" time="0.001" classname="com.shubham.TestingMaven.DataProviderTest"/>
  <testcase name="useData1" time="0.001" classname="com.shubham.TestingMaven.DataProviderTest"/>
  <testcase name="useData2" time="0.000" classname="com.shubham.TestingMaven.DataProviderTest"/>
  <testcase name="useData2" time="0.000" classname="com.shubham.TestingMaven.DataProviderTest"/>
  <testcase name="useData1" time="0.001" classname="com.shubham.TestingMaven.DataProviderTest"/>
</testsuite> <!-- com.shubham.TestingMaven.DataProviderTest -->
