<?xml version="1.0" encoding="UTF-8"?>
<!-- Generated by org.testng.reporters.JUnitReportReporter -->
<testsuite skipped="0" hostname="shubhams-MacBook-Pro.local" name="com.shubham.TestingMaven.DataProviderWithExcel" tests="7" failures="0" timestamp="06 Jun 2023 04:01:12 GMT" time="0.014" errors="0">
  <testcase name="readData" time="0.008" classname="com.shubham.TestingMaven.DataProviderWithExcel"/>
  <testcase name="readData" time="0.001" classname="com.shubham.TestingMaven.DataProviderWithExcel"/>
  <testcase name="readData" time="0.000" classname="com.shubham.TestingMaven.DataProviderWithExcel"/>
  <testcase name="readData" time="0.001" classname="com.shubham.TestingMaven.DataProviderWithExcel"/>
  <testcase name="readData" time="0.001" classname="com.shubham.TestingMaven.DataProviderWithExcel"/>
  <testcase name="readData" time="0.001" classname="com.shubham.TestingMaven.DataProviderWithExcel"/>
  <testcase name="readData" time="0.002" classname="com.shubham.TestingMaven.DataProviderWithExcel"/>
</testsuite> <!-- com.shubham.TestingMaven.DataProviderWithExcel -->
