<?xml version="1.0" encoding="UTF-8"?>
<!-- Generated by org.testng.reporters.JUnitReportReporter -->
<testsuite skipped="0" hostname="shubhams-MacBook-Pro.local" name="com.shubham.TestingMaven.CustomDropDown" tests="1" failures="0" timestamp="20 Jan 2023 15:31:44 GMT" time="14.324" errors="0">
  <testcase name="customDropDown" time="14.324" classname="com.shubham.TestingMaven.CustomDropDown"/>
</testsuite> <!-- com.shubham.TestingMaven.CustomDropDown -->
