<?xml version="1.0" encoding="UTF-8"?>
<!-- Generated by org.testng.reporters.JUnitReportReporter -->
<testsuite skipped="0" hostname="shubhams-MacBook-Pro.local" name="com.shubham.TestingMaven.JavaScriptExecutorDemo" tests="1" failures="0" timestamp="24 Jan 2023 14:48:27 GMT" time="36.563" errors="0">
  <testcase name="javascriptExecutor" time="36.563" classname="com.shubham.TestingMaven.JavaScriptExecutorDemo"/>
</testsuite> <!-- com.shubham.TestingMaven.JavaScriptExecutorDemo -->
