<?xml version="1.0" encoding="UTF-8"?>
<!-- Generated by org.testng.reporters.JUnitReportReporter -->
<testsuite skipped="0" hostname="shubhams-MacBook-Pro.local" name="StudioWebTests_SidePanelCases.SidePanelCases" tests="1" failures="0" timestamp="13 Apr 2023 15:26:12 GMT" time="13.574" errors="0">
  <testcase name="verifyLocationScreen" time="13.574" classname="StudioWebTests_SidePanelCases.SidePanelCases"/>
</testsuite> <!-- StudioWebTests_SidePanelCases.SidePanelCases -->
