<?xml version="1.0" encoding="UTF-8"?>
<!-- Generated by org.testng.reporters.JUnitReportReporter -->
<testsuite skipped="0" hostname="shubhams-MacBook-Pro.local" name="com.shubham.TestingMaven.PropertiesFileDemo" tests="1" failures="0" timestamp="24 Jan 2023 15:13:20 GMT" time="5.751" errors="0">
  <testcase name="submitDetails" time="5.751" classname="com.shubham.TestingMaven.PropertiesFileDemo"/>
</testsuite> <!-- com.shubham.TestingMaven.PropertiesFileDemo -->
