<?xml version="1.0" encoding="UTF-8"?>
<!-- Generated by org.testng.reporters.JUnitReportReporter -->
<testsuite skipped="0" hostname="shubhams-MacBook-Pro.local" name="TestLogin.LoginTestCases" tests="1" failures="0" timestamp="02 Feb 2023 03:45:08 GMT" time="6.179" errors="0">
  <testcase name="loginTest" time="6.179" classname="TestLogin.LoginTestCases"/>
</testsuite> <!-- TestLogin.LoginTestCases -->
