<?xml version="1.0" encoding="UTF-8"?>
<!-- Generated by org.testng.reporters.JUnitReportReporter -->
<testsuite skipped="0" hostname="shubhams-MacBook-Pro.local" name="com.shubham.TestingMaven.SliderDemo" tests="1" failures="0" timestamp="21 Jan 2023 04:58:25 GMT" time="7.730" errors="0">
  <testcase name="sliderTest" time="7.730" classname="com.shubham.TestingMaven.SliderDemo"/>
</testsuite> <!-- com.shubham.TestingMaven.SliderDemo -->
