<?xml version="1.0" encoding="UTF-8"?>
<!-- Generated by org.testng.reporters.JUnitReportReporter -->
<testsuite skipped="0" hostname="shubhams-MacBook-Pro.local" name="StudioWebTests.UpcomingClassTestCases" tests="1" failures="0" timestamp="22 May 2023 15:04:16 GMT" time="12.158" errors="0">
  <testcase name="clickCopyLinkIcon" time="12.158" classname="StudioWebTests.UpcomingClassTestCases"/>
</testsuite> <!-- StudioWebTests.UpcomingClassTestCases -->
