<?xml version="1.0" encoding="UTF-8"?>
<!-- Generated by org.testng.reporters.JUnitReportReporter -->
<testsuite skipped="0" hostname="shubhams-MacBook-Pro.local" name="PractiseCoding.SecondLargest" tests="1" failures="0" timestamp="01 May 2023 07:01:31 GMT" time="0.010" errors="0">
  <testcase name="checkSecondLargest" time="0.010" classname="PractiseCoding.SecondLargest"/>
</testsuite> <!-- PractiseCoding.SecondLargest -->
