<?xml version="1.0" encoding="UTF-8"?>
<!-- Generated by org.testng.reporters.JUnitReportReporter -->
<testsuite skipped="0" hostname="shubhams-MacBook-Pro.local" name="PractiseCoding.FactorialDemo" tests="1" failures="0" timestamp="27 Jan 2023 06:48:40 GMT" time="0.008" errors="0">
  <testcase name="test" time="0.008" classname="PractiseCoding.FactorialDemo"/>
</testsuite> <!-- PractiseCoding.FactorialDemo -->
