<?xml version="1.0" encoding="UTF-8"?>
<!-- Generated by org.testng.reporters.JUnitReportReporter -->
<testsuite skipped="0" hostname="shubhams-MacBook-Pro.local" name="RestAssured.GetDemo" tests="1" failures="0" timestamp="01 Feb 2023 11:59:36 GMT" time="1.569" errors="0">
  <testcase name="getRequest" time="1.569" classname="RestAssured.GetDemo"/>
</testsuite> <!-- RestAssured.GetDemo -->
