<?xml version="1.0" encoding="UTF-8"?>
<!-- Generated by org.testng.reporters.JUnitReportReporter -->
<testsuite skipped="0" hostname="shubhams-MacBook-Pro.local" name="com.shubham.TestingMaven.CheckBrokenLinks" tests="1" failures="0" timestamp="26 Jan 2023 14:59:00 GMT" time="70.369" errors="0">
  <testcase name="getLinks" time="70.369" classname="com.shubham.TestingMaven.CheckBrokenLinks"/>
</testsuite> <!-- com.shubham.TestingMaven.CheckBrokenLinks -->
