<?xml version="1.0" encoding="UTF-8"?>
<!-- Generated by org.testng.reporters.JUnitReportReporter -->
<testsuite skipped="0" hostname="shubhams-MacBook-Pro.local" name="com.shubham.TestingMaven.FacebookDemo" tests="1" failures="0" timestamp="23 Jan 2023 08:40:11 GMT" time="5.584" errors="0">
  <testcase name="submitDetails" time="5.584" classname="com.shubham.TestingMaven.FacebookDemo"/>
</testsuite> <!-- com.shubham.TestingMaven.FacebookDemo -->
