<?xml version="1.0" encoding="UTF-8"?>
<!-- Generated by org.testng.reporters.JUnitReportReporter -->
<testsuite skipped="0" hostname="shubhams-MacBook-Pro.local" name="com.shubham.TestingMaven.TestNGGroupsTest1" tests="6" failures="0" timestamp="06 Jun 2023 04:05:39 GMT" time="0.007" errors="0">
  <testcase name="functionalTest" time="0.003" classname="com.shubham.TestingMaven.TestNGGroupsTest1"/>
  <testcase name="sanityAndRegressionTest" time="0.001" classname="com.shubham.TestingMaven.TestNGGroupsTest1"/>
  <testcase name="regressionTest2" time="0.001" classname="com.shubham.TestingMaven.TestNGGroupsTest1"/>
  <testcase name="regressionTest1" time="0.001" classname="com.shubham.TestingMaven.TestNGGroupsTest1"/>
  <testcase name="sanityTest1" time="0.000" classname="com.shubham.TestingMaven.TestNGGroupsTest1"/>
  <testcase name="sanityTest2" time="0.001" classname="com.shubham.TestingMaven.TestNGGroupsTest1"/>
</testsuite> <!-- com.shubham.TestingMaven.TestNGGroupsTest1 -->
