<?xml version="1.0" encoding="UTF-8"?>
<!-- Generated by org.testng.reporters.JUnitReportReporter -->
<testsuite skipped="0" hostname="shubhams-MacBook-Pro.local" name="com.shubham.TestingMaven.KeyboardEvents" tests="1" failures="0" timestamp="06 Jun 2023 03:50:55 GMT" time="29.523" errors="0">
  <testcase name="keyboardTest" time="29.523" classname="com.shubham.TestingMaven.KeyboardEvents"/>
</testsuite> <!-- com.shubham.TestingMaven.KeyboardEvents -->
