<?xml version="1.0" encoding="UTF-8"?>
<!-- Generated by org.testng.reporters.JUnitReportReporter -->
<testsuite skipped="3" hostname="shubhams-MacBook-Pro.local" name="com.shubham.TestingMaven.SkinTestCases" tests="4" failures="0" timestamp="07 Jan 2023 03:50:00 GMT" time="0.012" errors="0">
  <testcase name="test4" time="0.002" classname="com.shubham.TestingMaven.SkinTestCases"/>
  <testcase name="test2" time="0.009" classname="com.shubham.TestingMaven.SkinTestCases">
    <skipped/>
  </testcase> <!-- test2 -->
  <testcase name="test3" time="0.001" classname="com.shubham.TestingMaven.SkinTestCases">
    <skipped/>
  </testcase> <!-- test3 -->
  <testcase name="test1" classname="com.shubham.TestingMaven.SkinTestCases">
    <skipped/>
  </testcase> <!-- test1 -->
</testsuite> <!-- com.shubham.TestingMaven.SkinTestCases -->
