<?xml version="1.0" encoding="UTF-8"?>
<!-- Generated by org.testng.reporters.JUnitReportReporter -->
<testsuite skipped="0" hostname="shubhams-MacBook-Pro.local" name="com.shubham.TestingMaven.DataProviderWithExcel2" tests="7" failures="0" timestamp="06 Jun 2023 04:03:11 GMT" time="0.014" errors="0">
  <testcase name="test" time="0.008" classname="com.shubham.TestingMaven.DataProviderWithExcel2"/>
  <testcase name="test" time="0.001" classname="com.shubham.TestingMaven.DataProviderWithExcel2"/>
  <testcase name="test" time="0.001" classname="com.shubham.TestingMaven.DataProviderWithExcel2"/>
  <testcase name="test" time="0.001" classname="com.shubham.TestingMaven.DataProviderWithExcel2"/>
  <testcase name="test" time="0.001" classname="com.shubham.TestingMaven.DataProviderWithExcel2"/>
  <testcase name="test" time="0.001" classname="com.shubham.TestingMaven.DataProviderWithExcel2"/>
  <testcase name="test" time="0.001" classname="com.shubham.TestingMaven.DataProviderWithExcel2"/>
</testsuite> <!-- com.shubham.TestingMaven.DataProviderWithExcel2 -->
