<?xml version="1.0" encoding="UTF-8"?>
<!-- Generated by org.testng.reporters.JUnitReportReporter -->
<testsuite skipped="0" hostname="shubhams-MacBook-Pro.local" name="StudioWebTests.ClassSummaryTestCases" tests="1" failures="0" timestamp="30 May 2023 14:55:44 GMT" time="14.898" errors="0">
  <testcase name="openClassDetails" time="14.898" classname="StudioWebTests.ClassSummaryTestCases"/>
</testsuite> <!-- StudioWebTests.ClassSummaryTestCases -->
