<?xml version="1.0" encoding="UTF-8"?>
<!-- Generated by org.testng.reporters.JUnitReportReporter -->
<testsuite skipped="0" hostname="shubhams-MacBook-Pro.local" name="com.shubham.TestingMaven.UploadFile" tests="1" failures="0" timestamp="02 Feb 2023 14:53:01 GMT" time="6.340" errors="0">
  <testcase name="uploadFile" time="6.340" classname="com.shubham.TestingMaven.UploadFile"/>
</testsuite> <!-- com.shubham.TestingMaven.UploadFile -->
